25-06-29.16:07:15.119 [main            ] INFO  Application            - Starting Application using Java 17.0.11 on Alice with PID 12708 (D:\test\dream-shop\dream-shop-app\target\classes started by 280477 in D:\test\dream-shop)
25-06-29.16:07:15.122 [main            ] INFO  Application            - The following 1 profile is active: "dev"
25-06-29.16:07:16.756 [main            ] INFO  TomcatWebServer        - Tomcat initialized with port(s): 8091 (http)
25-06-29.16:07:16.771 [main            ] INFO  Http11NioProtocol      - Initializing ProtocolHandler ["http-nio-8091"]
25-06-29.16:07:16.771 [main            ] INFO  StandardService        - Starting service [Tomcat]
25-06-29.16:07:16.771 [main            ] INFO  StandardEngine         - Starting Servlet engine: [Apache Tomcat/9.0.75]
25-06-29.16:07:16.958 [main            ] INFO  [/]                    - Initializing Spring embedded WebApplicationContext
25-06-29.16:07:16.959 [main            ] INFO  ServletWebServerApplicationContext - Root WebApplicationContext: initialization completed in 1760 ms
25-06-29.16:07:17.864 [main            ] INFO  Http11NioProtocol      - Starting ProtocolHandler ["http-nio-8091"]
25-06-29.16:07:17.890 [main            ] INFO  TomcatWebServer        - Tomcat started on port(s): 8091 (http) with context path ''
25-06-29.16:07:17.902 [main            ] INFO  Application            - Started Application in 3.555 seconds (JVM running for 4.405)
25-06-29.16:08:19.231 [main            ] INFO  Application            - Starting Application using Java 17.0.11 on Alice with PID 33600 (D:\test\dream-shop\dream-shop-app\target\classes started by 280477 in D:\test\dream-shop)
25-06-29.16:08:19.234 [main            ] INFO  Application            - The following 1 profile is active: "dev"
25-06-29.16:08:20.578 [main            ] INFO  TomcatWebServer        - Tomcat initialized with port(s): 8091 (http)
25-06-29.16:08:20.591 [main            ] INFO  Http11NioProtocol      - Initializing ProtocolHandler ["http-nio-8091"]
25-06-29.16:08:20.591 [main            ] INFO  StandardService        - Starting service [Tomcat]
25-06-29.16:08:20.591 [main            ] INFO  StandardEngine         - Starting Servlet engine: [Apache Tomcat/9.0.75]
25-06-29.16:08:20.756 [main            ] INFO  [/]                    - Initializing Spring embedded WebApplicationContext
25-06-29.16:08:20.756 [main            ] INFO  ServletWebServerApplicationContext - Root WebApplicationContext: initialization completed in 1451 ms
25-06-29.16:08:21.556 [main            ] INFO  Http11NioProtocol      - Starting ProtocolHandler ["http-nio-8091"]
25-06-29.16:08:21.586 [main            ] INFO  TomcatWebServer        - Tomcat started on port(s): 8091 (http) with context path ''
25-06-29.16:08:21.595 [main            ] INFO  Application            - Started Application in 3.112 seconds (JVM running for 3.777)
25-06-29.16:09:52.735 [http-nio-8091-exec-1] INFO  [/]                    - Initializing Spring DispatcherServlet 'dispatcherServlet'
25-06-29.16:09:52.735 [http-nio-8091-exec-1] INFO  DispatcherServlet      - Initializing Servlet 'dispatcherServlet'
25-06-29.16:09:52.736 [http-nio-8091-exec-1] INFO  DispatcherServlet      - Completed initialization in 1 ms
25-06-29.16:09:52.835 [http-nio-8091-exec-1] INFO  HikariDataSource       - HikariPool-1 - Starting...
25-06-29.16:09:53.446 [http-nio-8091-exec-1] INFO  HikariDataSource       - HikariPool-1 - Start completed.
25-06-29.16:10:27.968 [http-nio-8091-exec-4] WARN  DefaultHandlerExceptionResolver - Resolved [org.springframework.web.HttpRequestMethodNotSupportedException: Request method 'GET' not supported]
25-06-29.16:10:54.446 [http-nio-8091-exec-10] WARN  DefaultHandlerExceptionResolver - Resolved [org.springframework.web.bind.MissingServletRequestParameterException: Required request parameter 'userName' for method parameter type String is not present]
25-06-29.16:11:47.896 [SpringApplicationShutdownHook] INFO  HikariDataSource       - HikariPool-1 - Shutdown initiated...
25-06-29.16:11:47.923 [SpringApplicationShutdownHook] INFO  HikariDataSource       - HikariPool-1 - Shutdown completed.
25-06-29.17:03:45.965 [main            ] INFO  Application            - Starting Application using Java 17.0.11 on Alice with PID 10764 (D:\test\dream-shop\dream-shop-app\target\classes started by 280477 in D:\test\dream-shop)
25-06-29.17:03:45.968 [main            ] INFO  Application            - The following 1 profile is active: "dev"
25-06-29.17:03:47.301 [main            ] INFO  TomcatWebServer        - Tomcat initialized with port(s): 8091 (http)
25-06-29.17:03:47.314 [main            ] INFO  Http11NioProtocol      - Initializing ProtocolHandler ["http-nio-8091"]
25-06-29.17:03:47.314 [main            ] INFO  StandardService        - Starting service [Tomcat]
25-06-29.17:03:47.314 [main            ] INFO  StandardEngine         - Starting Servlet engine: [Apache Tomcat/9.0.75]
25-06-29.17:03:47.495 [main            ] INFO  [/]                    - Initializing Spring embedded WebApplicationContext
25-06-29.17:03:47.495 [main            ] INFO  ServletWebServerApplicationContext - Root WebApplicationContext: initialization completed in 1475 ms
25-06-29.17:03:48.254 [main            ] INFO  Http11NioProtocol      - Starting ProtocolHandler ["http-nio-8091"]
25-06-29.17:03:48.282 [main            ] INFO  TomcatWebServer        - Tomcat started on port(s): 8091 (http) with context path ''
25-06-29.17:03:48.293 [main            ] INFO  Application            - Started Application in 2.934 seconds (JVM running for 3.675)
25-06-29.17:03:56.898 [http-nio-8091-exec-1] INFO  [/]                    - Initializing Spring DispatcherServlet 'dispatcherServlet'
25-06-29.17:03:56.899 [http-nio-8091-exec-1] INFO  DispatcherServlet      - Initializing Servlet 'dispatcherServlet'
25-06-29.17:03:56.900 [http-nio-8091-exec-1] INFO  DispatcherServlet      - Completed initialization in 1 ms
25-06-29.17:03:56.928 [http-nio-8091-exec-1] WARN  DefaultHandlerExceptionResolver - Resolved [org.springframework.web.HttpRequestMethodNotSupportedException: Request method 'GET' not supported]
25-06-29.17:04:18.903 [http-nio-8091-exec-3] INFO  HikariDataSource       - HikariPool-1 - Starting...
25-06-29.17:04:20.374 [http-nio-8091-exec-3] INFO  HikariDataSource       - HikariPool-1 - Start completed.
25-06-29.17:04:25.777 [http-nio-8091-exec-4] ERROR [dispatcherServlet]    - Servlet.service() for servlet [dispatcherServlet] in context with path [] threw exception [Handler dispatch failed; nested exception is java.lang.NoClassDefFoundError: javax/xml/bind/DatatypeConverter] with root cause
java.lang.ClassNotFoundException: javax.xml.bind.DatatypeConverter
	at java.base/jdk.internal.loader.BuiltinClassLoader.loadClass(BuiltinClassLoader.java:641)
	at java.base/jdk.internal.loader.ClassLoaders$AppClassLoader.loadClass(ClassLoaders.java:188)
	at java.base/java.lang.ClassLoader.loadClass(ClassLoader.java:525)
	at io.jsonwebtoken.impl.Base64Codec.decode(Base64Codec.java:26)
	at io.jsonwebtoken.impl.DefaultJwtBuilder.signWith(DefaultJwtBuilder.java:99)
	at cn.mmko.infrastructure.utils.JwtUtils.generateJwt(JwtUtils.java:24)
	at cn.mmko.infrastructure.persistent.repository.UserRepository.checkLoginUser(UserRepository.java:51)
	at cn.mmko.infrastructure.persistent.repository.UserRepository$$FastClassBySpringCGLIB$$bc2313c6.invoke(<generated>)
	at org.springframework.cglib.proxy.MethodProxy.invoke(MethodProxy.java:218)
	at org.springframework.aop.framework.CglibAopProxy$CglibMethodInvocation.invokeJoinpoint(CglibAopProxy.java:793)
	at org.springframework.aop.framework.ReflectiveMethodInvocation.proceed(ReflectiveMethodInvocation.java:163)
	at org.springframework.aop.framework.CglibAopProxy$CglibMethodInvocation.proceed(CglibAopProxy.java:763)
	at org.springframework.dao.support.PersistenceExceptionTranslationInterceptor.invoke(PersistenceExceptionTranslationInterceptor.java:137)
	at org.springframework.aop.framework.ReflectiveMethodInvocation.proceed(ReflectiveMethodInvocation.java:186)
	at org.springframework.aop.framework.CglibAopProxy$CglibMethodInvocation.proceed(CglibAopProxy.java:763)
	at org.springframework.aop.framework.CglibAopProxy$DynamicAdvisedInterceptor.intercept(CglibAopProxy.java:708)
	at cn.mmko.infrastructure.persistent.repository.UserRepository$$EnhancerBySpringCGLIB$$1309752a.checkLoginUser(<generated>)
	at cn.mmko.domain.user.service.UserService.checkLoginUser(UserService.java:31)
	at cn.mmko.trigger.http.UserInsertController.checkLoginUser(UserInsertController.java:46)
	at java.base/jdk.internal.reflect.NativeMethodAccessorImpl.invoke0(Native Method)
	at java.base/jdk.internal.reflect.NativeMethodAccessorImpl.invoke(NativeMethodAccessorImpl.java:77)
	at java.base/jdk.internal.reflect.DelegatingMethodAccessorImpl.invoke(DelegatingMethodAccessorImpl.java:43)
	at java.base/java.lang.reflect.Method.invoke(Method.java:568)
	at org.springframework.web.method.support.InvocableHandlerMethod.doInvoke(InvocableHandlerMethod.java:205)
	at org.springframework.web.method.support.InvocableHandlerMethod.invokeForRequest(InvocableHandlerMethod.java:150)
	at org.springframework.web.servlet.mvc.method.annotation.ServletInvocableHandlerMethod.invokeAndHandle(ServletInvocableHandlerMethod.java:117)
	at org.springframework.web.servlet.mvc.method.annotation.RequestMappingHandlerAdapter.invokeHandlerMethod(RequestMappingHandlerAdapter.java:895)
	at org.springframework.web.servlet.mvc.method.annotation.RequestMappingHandlerAdapter.handleInternal(RequestMappingHandlerAdapter.java:808)
	at org.springframework.web.servlet.mvc.method.AbstractHandlerMethodAdapter.handle(AbstractHandlerMethodAdapter.java:87)
	at org.springframework.web.servlet.DispatcherServlet.doDispatch(DispatcherServlet.java:1072)
	at org.springframework.web.servlet.DispatcherServlet.doService(DispatcherServlet.java:965)
	at org.springframework.web.servlet.FrameworkServlet.processRequest(FrameworkServlet.java:1006)
	at org.springframework.web.servlet.FrameworkServlet.doGet(FrameworkServlet.java:898)
	at javax.servlet.http.HttpServlet.service(HttpServlet.java:529)
	at org.springframework.web.servlet.FrameworkServlet.service(FrameworkServlet.java:883)
	at javax.servlet.http.HttpServlet.service(HttpServlet.java:623)
	at org.apache.catalina.core.ApplicationFilterChain.internalDoFilter(ApplicationFilterChain.java:209)
	at org.apache.catalina.core.ApplicationFilterChain.doFilter(ApplicationFilterChain.java:153)
	at org.apache.tomcat.websocket.server.WsFilter.doFilter(WsFilter.java:51)
	at org.apache.catalina.core.ApplicationFilterChain.internalDoFilter(ApplicationFilterChain.java:178)
	at org.apache.catalina.core.ApplicationFilterChain.doFilter(ApplicationFilterChain.java:153)
	at org.springframework.web.filter.RequestContextFilter.doFilterInternal(RequestContextFilter.java:100)
	at org.springframework.web.filter.OncePerRequestFilter.doFilter(OncePerRequestFilter.java:117)
	at org.apache.catalina.core.ApplicationFilterChain.internalDoFilter(ApplicationFilterChain.java:178)
	at org.apache.catalina.core.ApplicationFilterChain.doFilter(ApplicationFilterChain.java:153)
	at org.springframework.web.filter.FormContentFilter.doFilterInternal(FormContentFilter.java:93)
	at org.springframework.web.filter.OncePerRequestFilter.doFilter(OncePerRequestFilter.java:117)
	at org.apache.catalina.core.ApplicationFilterChain.internalDoFilter(ApplicationFilterChain.java:178)
	at org.apache.catalina.core.ApplicationFilterChain.doFilter(ApplicationFilterChain.java:153)
	at org.springframework.web.filter.CharacterEncodingFilter.doFilterInternal(CharacterEncodingFilter.java:201)
	at org.springframework.web.filter.OncePerRequestFilter.doFilter(OncePerRequestFilter.java:117)
	at org.apache.catalina.core.ApplicationFilterChain.internalDoFilter(ApplicationFilterChain.java:178)
	at org.apache.catalina.core.ApplicationFilterChain.doFilter(ApplicationFilterChain.java:153)
	at org.apache.catalina.core.StandardWrapperValve.invoke(StandardWrapperValve.java:167)
	at org.apache.catalina.core.StandardContextValve.invoke(StandardContextValve.java:90)
	at org.apache.catalina.authenticator.AuthenticatorBase.invoke(AuthenticatorBase.java:481)
	at org.apache.catalina.core.StandardHostValve.invoke(StandardHostValve.java:130)
	at org.apache.catalina.valves.ErrorReportValve.invoke(ErrorReportValve.java:93)
	at org.apache.catalina.core.StandardEngineValve.invoke(StandardEngineValve.java:74)
	at org.apache.catalina.connector.CoyoteAdapter.service(CoyoteAdapter.java:343)
	at org.apache.coyote.http11.Http11Processor.service(Http11Processor.java:390)
	at org.apache.coyote.AbstractProcessorLight.process(AbstractProcessorLight.java:63)
	at org.apache.coyote.AbstractProtocol$ConnectionHandler.process(AbstractProtocol.java:926)
	at org.apache.tomcat.util.net.NioEndpoint$SocketProcessor.doRun(NioEndpoint.java:1791)
	at org.apache.tomcat.util.net.SocketProcessorBase.run(SocketProcessorBase.java:52)
	at org.apache.tomcat.util.threads.ThreadPoolExecutor.runWorker(ThreadPoolExecutor.java:1191)
	at org.apache.tomcat.util.threads.ThreadPoolExecutor$Worker.run(ThreadPoolExecutor.java:659)
	at org.apache.tomcat.util.threads.TaskThread$WrappingRunnable.run(TaskThread.java:61)
	at java.base/java.lang.Thread.run(Thread.java:840)
25-06-29.17:06:46.912 [SpringApplicationShutdownHook] INFO  HikariDataSource       - HikariPool-1 - Shutdown initiated...
25-06-29.17:06:46.928 [SpringApplicationShutdownHook] INFO  HikariDataSource       - HikariPool-1 - Shutdown completed.
25-06-29.17:06:57.890 [main            ] INFO  Application            - Starting Application using Java 17.0.11 on Alice with PID 20448 (D:\test\dream-shop\dream-shop-app\target\classes started by 280477 in D:\test\dream-shop)
25-06-29.17:06:57.893 [main            ] INFO  Application            - The following 1 profile is active: "dev"
25-06-29.17:07:01.566 [main            ] INFO  TomcatWebServer        - Tomcat initialized with port(s): 8091 (http)
25-06-29.17:07:01.577 [main            ] INFO  Http11NioProtocol      - Initializing ProtocolHandler ["http-nio-8091"]
25-06-29.17:07:01.578 [main            ] INFO  StandardService        - Starting service [Tomcat]
25-06-29.17:07:01.578 [main            ] INFO  StandardEngine         - Starting Servlet engine: [Apache Tomcat/9.0.75]
25-06-29.17:07:01.758 [main            ] INFO  [/]                    - Initializing Spring embedded WebApplicationContext
25-06-29.17:07:01.758 [main            ] INFO  ServletWebServerApplicationContext - Root WebApplicationContext: initialization completed in 3819 ms
25-06-29.17:07:02.515 [main            ] INFO  Http11NioProtocol      - Starting ProtocolHandler ["http-nio-8091"]
25-06-29.17:07:02.543 [main            ] INFO  TomcatWebServer        - Tomcat started on port(s): 8091 (http) with context path ''
25-06-29.17:07:02.553 [main            ] INFO  Application            - Started Application in 5.219 seconds (JVM running for 6.885)
25-06-29.17:07:08.552 [http-nio-8091-exec-2] INFO  [/]                    - Initializing Spring DispatcherServlet 'dispatcherServlet'
25-06-29.17:07:08.554 [http-nio-8091-exec-2] INFO  DispatcherServlet      - Initializing Servlet 'dispatcherServlet'
25-06-29.17:07:08.555 [http-nio-8091-exec-2] INFO  DispatcherServlet      - Completed initialization in 1 ms
25-06-29.17:07:08.629 [http-nio-8091-exec-2] INFO  HikariDataSource       - HikariPool-1 - Starting...
25-06-29.17:07:09.034 [http-nio-8091-exec-2] INFO  HikariDataSource       - HikariPool-1 - Start completed.
25-06-29.17:36:22.466 [SpringApplicationShutdownHook] INFO  HikariDataSource       - HikariPool-1 - Shutdown initiated...
25-06-29.17:36:22.535 [SpringApplicationShutdownHook] INFO  HikariDataSource       - HikariPool-1 - Shutdown completed.
